{"C:\\Users\\Leonard\\Documents\\IS219\\Projects\\IS-219-Homework-3\\cash.js":{"path":"C:\\Users\\Leonard\\Documents\\IS219\\Projects\\IS-219-Homework-3\\cash.js","s":{"1":1,"2":1,"3":1,"4":4,"5":4,"6":4,"7":4,"8":48,"9":48,"10":12,"11":12,"12":14,"13":14,"14":4,"15":1},"b":{"1":[12,36]},"f":{"1":4},"fnMap":{"1":{"name":"(anonymous_1)","line":4,"loc":{"start":{"line":4,"column":14},"end":{"line":4,"column":48}}}},"statementMap":{"1":{"start":{"line":2,"column":0},"end":{"line":2,"column":11}},"2":{"start":{"line":3,"column":0},"end":{"line":3,"column":64}},"3":{"start":{"line":4,"column":0},"end":{"line":23,"column":2}},"4":{"start":{"line":6,"column":4},"end":{"line":6,"column":20}},"5":{"start":{"line":7,"column":4},"end":{"line":7,"column":32}},"6":{"start":{"line":8,"column":4},"end":{"line":8,"column":44}},"7":{"start":{"line":10,"column":4},"end":{"line":21,"column":5}},"8":{"start":{"line":11,"column":8},"end":{"line":11,"column":30}},"9":{"start":{"line":13,"column":8},"end":{"line":20,"column":9}},"10":{"start":{"line":14,"column":12},"end":{"line":14,"column":51}},"11":{"start":{"line":16,"column":12},"end":{"line":19,"column":13}},"12":{"start":{"line":17,"column":16},"end":{"line":17,"column":34}},"13":{"start":{"line":18,"column":16},"end":{"line":18,"column":45}},"14":{"start":{"line":22,"column":4},"end":{"line":22,"column":18}},"15":{"start":{"line":24,"column":0},"end":{"line":24,"column":19}}},"branchMap":{"1":{"line":13,"type":"if","locations":[{"start":{"line":13,"column":8},"end":{"line":13,"column":8}},{"start":{"line":13,"column":8},"end":{"line":13,"column":8}}]}}}}